# JRE version: OpenJDK Runtime Environment Temurin-17.0.11+9 (17.0.11+9) (build 17.0.11+9)
# Java VM: OpenJDK 64-Bit Server VM Temurin-17.0.11+9 (17.0.11+9, mixed mode, tiered, compressed oops, compressed class ptrs, parallel gc, windows-amd64)
GC Precious Log:
 CPUs: 4 total, 4 available
 Memory: 8097M
 Large Page Support: Disabled
 NUMA Support: Disabled
 Compressed Oops: Enabled (32-bit)
 Alignments: Space 512K, Generation 512K, Heap 2M
 Heap Min Capacity: 100M
 Heap Initial Capacity: 100M
 Heap Max Capacity: 1G
 Pre-touch: Disabled
 Parallel Workers: 4
Heap:
 PSYoungGen      total 21504K, used 7035K [0x00000000eab00000, 0x00000000ec200000, 0x0000000100000000)
  eden space 20992K, 32% used [0x00000000eab00000,0x00000000eb1b6f20,0x00000000ebf80000)
  from space 512K, 31% used [0x00000000ec100000,0x00000000ec128020,0x00000000ec180000)
  to   space 512K, 0% used [0x00000000ec180000,0x00000000ec180000,0x00000000ec200000)
 ParOldGen       total 68608K, used 64945K [0x00000000c0000000, 0x00000000c4300000, 0x00000000eab00000)
  object space 68608K, 94% used [0x00000000c0000000,0x00000000c3f6c500,0x00000000c4300000)
 Metaspace       used 67934K, committed 69120K, reserved 1114112K
  class space    used 7149K, committed 7680K, reserved 1048576K
GC Heap History (20 events):
Event: 19.565 GC heap before
{Heap before GC invocations=61 (full 3):
 PSYoungGen      total 22528K, used 21910K [0x00000000eab00000, 0x00000000ec380000, 0x0000000100000000)
  eden space 20992K, 97% used [0x00000000eab00000,0x00000000ebee9268,0x00000000ebf80000)
  from space 1536K, 99% used [0x00000000ec000000,0x00000000ec17c848,0x00000000ec180000)
  to   space 2048K, 0% used [0x00000000ec180000,0x00000000ec180000,0x00000000ec380000)
 ParOldGen       total 68608K, used 62755K [0x00000000c0000000, 0x00000000c4300000, 0x00000000eab00000)
  object space 68608K, 91% used [0x00000000c0000000,0x00000000c3d48e30,0x00000000c4300000)
 Metaspace       used 67136K, committed 68352K, reserved 1114112K
  class space    used 7105K, committed 7680K, reserved 1048576K
}
Event: 19.569 GC heap after
{Heap after GC invocations=61 (full 3):
 PSYoungGen      total 21504K, used 256K [0x00000000eab00000, 0x00000000ec200000, 0x0000000100000000)
  eden space 20992K, 0% used [0x00000000eab00000,0x00000000eab00000,0x00000000ebf80000)
  from space 512K, 50% used [0x00000000ec180000,0x00000000ec1c0000,0x00000000ec200000)
  to   space 1024K, 0% used [0x00000000ec000000,0x00000000ec000000,0x00000000ec100000)
 ParOldGen       total 68608K, used 64058K [0x00000000c0000000, 0x00000000c4300000, 0x00000000eab00000)
  object space 68608K, 93% used [0x00000000c0000000,0x00000000c3e8e850,0x00000000c4300000)
 Metaspace       used 67136K, committed 68352K, reserved 1114112K
  class space    used 7105K, committed 7680K, reserved 1048576K
}
Event: 19.669 GC heap before
{Heap before GC invocations=62 (full 3):
 PSYoungGen      total 21504K, used 20582K [0x00000000eab00000, 0x00000000ec200000, 0x0000000100000000)
  eden space 20992K, 96% used [0x00000000eab00000,0x00000000ebed99d0,0x00000000ebf80000)
  from space 512K, 50% used [0x00000000ec180000,0x00000000ec1c0000,0x00000000ec200000)
  to   space 1024K, 0% used [0x00000000ec000000,0x00000000ec000000,0x00000000ec100000)
 ParOldGen       total 68608K, used 64058K [0x00000000c0000000, 0x00000000c4300000, 0x00000000eab00000)
  object space 68608K, 93% used [0x00000000c0000000,0x00000000c3e8e850,0x00000000c4300000)
 Metaspace       used 67191K, committed 68416K, reserved 1114112K
  class space    used 7105K, committed 7680K, reserved 1048576K
}
Event: 19.669 GC heap after
{Heap after GC invocations=62 (full 3):
 PSYoungGen      total 22016K, used 224K [0x00000000eab00000, 0x00000000ec200000, 0x0000000100000000)
  eden space 20992K, 0% used [0x00000000eab00000,0x00000000eab00000,0x00000000ebf80000)
  from space 1024K, 21% used [0x00000000ec000000,0x00000000ec038000,0x00000000ec100000)
  to   space 512K, 0% used [0x00000000ec180000,0x00000000ec180000,0x00000000ec200000)
 ParOldGen       total 68608K, used 64090K [0x00000000c0000000, 0x00000000c4300000, 0x00000000eab00000)
  object space 68608K, 93% used [0x00000000c0000000,0x00000000c3e96850,0x00000000c4300000)
 Metaspace       used 67191K, committed 68416K, reserved 1114112K
  class space    used 7105K, committed 7680K, reserved 1048576K
}
Event: 19.768 GC heap before
{Heap before GC invocations=63 (full 3):
 PSYoungGen      total 22016K, used 21216K [0x00000000eab00000, 0x00000000ec200000, 0x0000000100000000)
  eden space 20992K, 100% used [0x00000000eab00000,0x00000000ebf80000,0x00000000ebf80000)
  from space 1024K, 21% used [0x00000000ec000000,0x00000000ec038000,0x00000000ec100000)
  to   space 512K, 0% used [0x00000000ec180000,0x00000000ec180000,0x00000000ec200000)
 ParOldGen       total 68608K, used 64090K [0x00000000c0000000, 0x00000000c4300000, 0x00000000eab00000)
  object space 68608K, 93% used [0x00000000c0000000,0x00000000c3e96850,0x00000000c4300000)
 Metaspace       used 67385K, committed 68608K, reserved 1114112K
  class space    used 7114K, committed 7680K, reserved 1048576K
}
Event: 19.769 GC heap after
{Heap after GC invocations=63 (full 3):
 PSYoungGen      total 21504K, used 204K [0x00000000eab00000, 0x00000000ec200000, 0x0000000100000000)
  eden space 20992K, 0% used [0x00000000eab00000,0x00000000eab00000,0x00000000ebf80000)
  from space 512K, 39% used [0x00000000ec180000,0x00000000ec1b31e8,0x00000000ec200000)
  to   space 512K, 0% used [0x00000000ec100000,0x00000000ec100000,0x00000000ec180000)
 ParOldGen       total 68608K, used 64452K [0x00000000c0000000, 0x00000000c4300000, 0x00000000eab00000)
  object space 68608K, 93% used [0x00000000c0000000,0x00000000c3ef1360,0x00000000c4300000)
 Metaspace       used 67385K, committed 68608K, reserved 1114112K
  class space    used 7114K, committed 7680K, reserved 1048576K
}
Event: 19.898 GC heap before
{Heap before GC invocations=64 (full 3):
 PSYoungGen      total 21504K, used 21159K [0x00000000eab00000, 0x00000000ec200000, 0x0000000100000000)
  eden space 20992K, 99% used [0x00000000eab00000,0x00000000ebf76bb8,0x00000000ebf80000)
  from space 512K, 39% used [0x00000000ec180000,0x00000000ec1b31e8,0x00000000ec200000)
  to   space 512K, 0% used [0x00000000ec100000,0x00000000ec100000,0x00000000ec180000)
 ParOldGen       total 68608K, used 64452K [0x00000000c0000000, 0x00000000c4300000, 0x00000000eab00000)
  object space 68608K, 93% used [0x00000000c0000000,0x00000000c3ef1360,0x00000000c4300000)
 Metaspace       used 67569K, committed 68736K, reserved 1114112K
  class space    used 7135K, committed 7680K, reserved 1048576K
}
Event: 19.899 GC heap after
{Heap after GC invocations=64 (full 3):
 PSYoungGen      total 21504K, used 256K [0x00000000eab00000, 0x00000000ec200000, 0x0000000100000000)
  eden space 20992K, 0% used [0x00000000eab00000,0x00000000eab00000,0x00000000ebf80000)
  from space 512K, 50% used [0x00000000ec100000,0x00000000ec140000,0x00000000ec180000)
  to   space 512K, 0% used [0x00000000ec180000,0x00000000ec180000,0x00000000ec200000)
 ParOldGen       total 68608K, used 64476K [0x00000000c0000000, 0x00000000c4300000, 0x00000000eab00000)
  object space 68608K, 93% used [0x00000000c0000000,0x00000000c3ef7360,0x00000000c4300000)
 Metaspace       used 67569K, committed 68736K, reserved 1114112K
  class space    used 7135K, committed 7680K, reserved 1048576K
}
Event: 19.982 GC heap before
{Heap before GC invocations=65 (full 3):
 PSYoungGen      total 21504K, used 20641K [0x00000000eab00000, 0x00000000ec200000, 0x0000000100000000)
  eden space 20992K, 97% used [0x00000000eab00000,0x00000000ebee8528,0x00000000ebf80000)
  from space 512K, 50% used [0x00000000ec100000,0x00000000ec140000,0x00000000ec180000)
  to   space 512K, 0% used [0x00000000ec180000,0x00000000ec180000,0x00000000ec200000)
 ParOldGen       total 68608K, used 64476K [0x00000000c0000000, 0x00000000c4300000, 0x00000000eab00000)
  object space 68608K, 93% used [0x00000000c0000000,0x00000000c3ef7360,0x00000000c4300000)
 Metaspace       used 67627K, committed 68864K, reserved 1114112K
  class space    used 7136K, committed 7680K, reserved 1048576K
}
Event: 19.983 GC heap after
{Heap after GC invocations=65 (full 3):
 PSYoungGen      total 21504K, used 256K [0x00000000eab00000, 0x00000000ec200000, 0x0000000100000000)
  eden space 20992K, 0% used [0x00000000eab00000,0x00000000eab00000,0x00000000ebf80000)
  from space 512K, 50% used [0x00000000ec180000,0x00000000ec1c0000,0x00000000ec200000)
  to   space 512K, 0% used [0x00000000ec100000,0x00000000ec100000,0x00000000ec180000)
 ParOldGen       total 68608K, used 64524K [0x00000000c0000000, 0x00000000c4300000, 0x00000000eab00000)
  object space 68608K, 94% used [0x00000000c0000000,0x00000000c3f03360,0x00000000c4300000)
 Metaspace       used 67627K, committed 68864K, reserved 1114112K
  class space    used 7136K, committed 7680K, reserved 1048576K
}
Event: 20.100 GC heap before
{Heap before GC invocations=66 (full 3):
 PSYoungGen      total 21504K, used 20611K [0x00000000eab00000, 0x00000000ec200000, 0x0000000100000000)
  eden space 20992K, 96% used [0x00000000eab00000,0x00000000ebee0d88,0x00000000ebf80000)
  from space 512K, 50% used [0x00000000ec180000,0x00000000ec1c0000,0x00000000ec200000)
  to   space 512K, 0% used [0x00000000ec100000,0x00000000ec100000,0x00000000ec180000)
 ParOldGen       total 68608K, used 64524K [0x00000000c0000000, 0x00000000c4300000, 0x00000000eab00000)
  object space 68608K, 94% used [0x00000000c0000000,0x00000000c3f03360,0x00000000c4300000)
 Metaspace       used 67642K, committed 68864K, reserved 1114112K
  class space    used 7136K, committed 7680K, reserved 1048576K
}
Event: 20.101 GC heap after
{Heap after GC invocations=66 (full 3):
 PSYoungGen      total 21504K, used 288K [0x00000000eab00000, 0x00000000ec200000, 0x0000000100000000)
  eden space 20992K, 0% used [0x00000000eab00000,0x00000000eab00000,0x00000000ebf80000)
  from space 512K, 56% used [0x00000000ec100000,0x00000000ec148000,0x00000000ec180000)
  to   space 512K, 0% used [0x00000000ec180000,0x00000000ec180000,0x00000000ec200000)
 ParOldGen       total 68608K, used 64556K [0x00000000c0000000, 0x00000000c4300000, 0x00000000eab00000)
  object space 68608K, 94% used [0x00000000c0000000,0x00000000c3f0b360,0x00000000c4300000)
 Metaspace       used 67642K, committed 68864K, reserved 1114112K
  class space    used 7136K, committed 7680K, reserved 1048576K
}
Event: 20.190 GC heap before
{Heap before GC invocations=67 (full 3):
 PSYoungGen      total 21504K, used 20836K [0x00000000eab00000, 0x00000000ec200000, 0x0000000100000000)
  eden space 20992K, 97% used [0x00000000eab00000,0x00000000ebf11390,0x00000000ebf80000)
  from space 512K, 56% used [0x00000000ec100000,0x00000000ec148000,0x00000000ec180000)
  to   space 512K, 0% used [0x00000000ec180000,0x00000000ec180000,0x00000000ec200000)
 ParOldGen       total 68608K, used 64556K [0x00000000c0000000, 0x00000000c4300000, 0x00000000eab00000)
  object space 68608K, 94% used [0x00000000c0000000,0x00000000c3f0b360,0x00000000c4300000)
 Metaspace       used 67683K, committed 68928K, reserved 1114112K
  class space    used 7136K, committed 7680K, reserved 1048576K
}
Event: 20.191 GC heap after
{Heap after GC invocations=67 (full 3):
 PSYoungGen      total 21504K, used 288K [0x00000000eab00000, 0x00000000ec200000, 0x0000000100000000)
  eden space 20992K, 0% used [0x00000000eab00000,0x00000000eab00000,0x00000000ebf80000)
  from space 512K, 56% used [0x00000000ec180000,0x00000000ec1c8000,0x00000000ec200000)
  to   space 512K, 0% used [0x00000000ec100000,0x00000000ec100000,0x00000000ec180000)
 ParOldGen       total 68608K, used 64620K [0x00000000c0000000, 0x00000000c4300000, 0x00000000eab00000)
  object space 68608K, 94% used [0x00000000c0000000,0x00000000c3f1b360,0x00000000c4300000)
 Metaspace       used 67683K, committed 68928K, reserved 1114112K
  class space    used 7136K, committed 7680K, reserved 1048576K
}
Event: 20.417 GC heap before
{Heap before GC invocations=68 (full 3):
 PSYoungGen      total 21504K, used 21280K [0x00000000eab00000, 0x00000000ec200000, 0x0000000100000000)
  eden space 20992K, 100% used [0x00000000eab00000,0x00000000ebf80000,0x00000000ebf80000)
  from space 512K, 56% used [0x00000000ec180000,0x00000000ec1c8000,0x00000000ec200000)
  to   space 512K, 0% used [0x00000000ec100000,0x00000000ec100000,0x00000000ec180000)
 ParOldGen       total 68608K, used 64620K [0x00000000c0000000, 0x00000000c4300000, 0x00000000eab00000)
  object space 68608K, 94% used [0x00000000c0000000,0x00000000c3f1b360,0x00000000c4300000)
 Metaspace       used 67758K, committed 68992K, reserved 1114112K
  class space    used 7137K, committed 7680K, reserved 1048576K
}
Event: 20.419 GC heap after
{Heap after GC invocations=68 (full 3):
 PSYoungGen      total 21504K, used 480K [0x00000000eab00000, 0x00000000ec200000, 0x0000000100000000)
  eden space 20992K, 0% used [0x00000000eab00000,0x00000000eab00000,0x00000000ebf80000)
  from space 512K, 93% used [0x00000000ec100000,0x00000000ec178020,0x00000000ec180000)
  to   space 512K, 0% used [0x00000000ec180000,0x00000000ec180000,0x00000000ec200000)
 ParOldGen       total 68608K, used 64668K [0x00000000c0000000, 0x00000000c4300000, 0x00000000eab00000)
  object space 68608K, 94% used [0x00000000c0000000,0x00000000c3f27360,0x00000000c4300000)
 Metaspace       used 67758K, committed 68992K, reserved 1114112K
  class space    used 7137K, committed 7680K, reserved 1048576K
}
Event: 20.574 GC heap before
{Heap before GC invocations=69 (full 3):
 PSYoungGen      total 21504K, used 21472K [0x00000000eab00000, 0x00000000ec200000, 0x0000000100000000)
  eden space 20992K, 100% used [0x00000000eab00000,0x00000000ebf80000,0x00000000ebf80000)
  from space 512K, 93% used [0x00000000ec100000,0x00000000ec178020,0x00000000ec180000)
  to   space 512K, 0% used [0x00000000ec180000,0x00000000ec180000,0x00000000ec200000)
 ParOldGen       total 68608K, used 64668K [0x00000000c0000000, 0x00000000c4300000, 0x00000000eab00000)
  object space 68608K, 94% used [0x00000000c0000000,0x00000000c3f27360,0x00000000c4300000)
 Metaspace       used 67790K, committed 69056K, reserved 1114112K
  class space    used 7138K, committed 7680K, reserved 1048576K
}
Event: 20.575 GC heap after
{Heap after GC invocations=69 (full 3):
 PSYoungGen      total 21504K, used 256K [0x00000000eab00000, 0x00000000ec200000, 0x0000000100000000)
  eden space 20992K, 0% used [0x00000000eab00000,0x00000000eab00000,0x00000000ebf80000)
  from space 512K, 50% used [0x00000000ec180000,0x00000000ec1c0020,0x00000000ec200000)
  to   space 512K, 0% used [0x00000000ec100000,0x00000000ec100000,0x00000000ec180000)
 ParOldGen       total 68608K, used 64841K [0x00000000c0000000, 0x00000000c4300000, 0x00000000eab00000)
  object space 68608K, 94% used [0x00000000c0000000,0x00000000c3f52500,0x00000000c4300000)
 Metaspace       used 67790K, committed 69056K, reserved 1114112K
  class space    used 7138K, committed 7680K, reserved 1048576K
}
Event: 20.684 GC heap before
{Heap before GC invocations=70 (full 3):
 PSYoungGen      total 21504K, used 21248K [0x00000000eab00000, 0x00000000ec200000, 0x0000000100000000)
  eden space 20992K, 100% used [0x00000000eab00000,0x00000000ebf80000,0x00000000ebf80000)
  from space 512K, 50% used [0x00000000ec180000,0x00000000ec1c0020,0x00000000ec200000)
  to   space 512K, 0% used [0x00000000ec100000,0x00000000ec100000,0x00000000ec180000)
 ParOldGen       total 68608K, used 64841K [0x00000000c0000000, 0x00000000c4300000, 0x00000000eab00000)
  object space 68608K, 94% used [0x00000000c0000000,0x00000000c3f52500,0x00000000c4300000)
 Metaspace       used 67796K, committed 69056K, reserved 1114112K
  class space    used 7138K, committed 7680K, reserved 1048576K
}
Event: 20.685 GC heap after
{Heap after GC invocations=70 (full 3):
 PSYoungGen      total 21504K, used 160K [0x00000000eab00000, 0x00000000ec200000, 0x0000000100000000)
  eden space 20992K, 0% used [0x00000000eab00000,0x00000000eab00000,0x00000000ebf80000)
  from space 512K, 31% used [0x00000000ec100000,0x00000000ec128020,0x00000000ec180000)
  to   space 512K, 0% used [0x00000000ec180000,0x00000000ec180000,0x00000000ec200000)
 ParOldGen       total 68608K, used 64945K [0x00000000c0000000, 0x00000000c4300000, 0x00000000eab00000)
  object space 68608K, 94% used [0x00000000c0000000,0x00000000c3f6c500,0x00000000c4300000)
 Metaspace       used 67796K, committed 69056K, reserved 1114112K
  class space    used 7138K, committed 7680K, reserved 1048576K
}

